A51 MACRO ASSEMBLER  1                                                                    08/20/2018 14:37:09 PAGE     1


MACRO ASSEMBLER A51 V8.02b
OBJECT MODULE PLACED IN 1.OBJ
ASSEMBLER INVOKED BY: C:\Keil_v5\C51\BIN\A51.EXE 1.asm SET(SMALL) DEBUG EP

LOC  OBJ            LINE     SOURCE

0000 7410              1     mov a,#10h
0002 75F005            2     mov b,#5h
0005 B5F000            3     cjne a,b,l1
0008 4002              4     l1:jc l2
000A F550              5     mov 50h,a
000C 85F050            6     l2:mov 50h,b
                       7     end
A51 MACRO ASSEMBLER  1                                                                    08/20/2018 14:37:09 PAGE     2

SYMBOL TABLE LISTING
------ ----- -------


N A M E             T Y P E  V A L U E   ATTRIBUTES

B. . . . . . . . .  D ADDR   00F0H   A   
L1 . . . . . . . .  C ADDR   0008H   A   
L2 . . . . . . . .  C ADDR   000CH   A   


REGISTER BANK(S) USED: 0 


ASSEMBLY COMPLETE.  0 WARNING(S), 0 ERROR(S)
